<?xml version="1.0" encoding="UTF-8"?>
<testsuite name="com.example.ApplicationTest" tests="1" skipped="0" failures="0" errors="0" timestamp="2021-10-22T01:47:12" hostname="Admins-MacBook-Pro.local" time="0.469">
  <properties/>
  <testcase name="testRoot" classname="com.example.ApplicationTest" time="0.469"/>
  <system-out><![CDATA[2021-10-21 20:47:12.872 [Test worker] INFO  ktor.test - Autoreload is disabled because the development mode is off.
2021-10-21 20:47:12.882 [Test worker] INFO  ktor.test - Application started in 0.073 seconds.
]]></system-out>
  <system-err><![CDATA[]]></system-err>
</testsuite>
